#
# A fatal error has been detected by the Java Runtime Environment:
#
#  SIGSEGV (0xb) at pc=0x00007fc9fb4d01be, pid=4670, tid=0x00007fc9fc898700
#
# JRE version: OpenJDK Runtime Environment (8.0_265-b01) (build 1.8.0_265-8u265-b01-0ubuntu2~18.04-b01)
# Java VM: OpenJDK 64-Bit Server VM (25.265-b01 mixed mode linux-amd64 compressed oops)
# Problematic frame:
# V  [libjvm.so+0xa1a1be]
#
# Failed to write core dump. Core dumps have been disabled. To enable core dumping, try "ulimit -c unlimited" before starting Java again
#
# If you would like to submit a bug report, please visit:
#   http://bugreport.java.com/bugreport/crash.jsp
#

---------------  T H R E A D  ---------------

Current thread (0x00007fc9f400f000):  JavaThread "main" [_thread_in_vm, id=4676, stack(0x00007fc9fc799000,0x00007fc9fc899000)]

siginfo: si_signo: 11 (SIGSEGV), si_code: 1 (SEGV_MAPERR), si_addr: 0x000000005e0e5f1c

Registers:
RAX=0x00007fc9fc742b28, RBX=0x000000005e0e5f1c, RCX=0x00007fc9f449d347, RDX=0x0000000000000d63
RSP=0x00007fc9fc895940, RBP=0x00007fc9fc895980, RSI=0x00007fc9f449d345, RDI=0x0000000000000000
R8 =0x00007fc9f449d345, R9 =0x0000000000000002, R10=0x00007fc9f40008d0, R11=0x0000000000000001
R12=0x0000000000000002, R13=0x0000000000000074, R14=0x00007fc9f402bb00, R15=0x0000000000000d63
RIP=0x00007fc9fb4d01be, EFLAGS=0x0000000000010202, CSGSFS=0x002b000000000033, ERR=0x0000000000000004
  TRAPNO=0x000000000000000e

Top of Stack: (sp=0x00007fc9fc895940)
0x00007fc9fc895940:   00007fc9f449d345 0000000200000007
0x00007fc9fc895950:   0000000000000080 0000000000000044
0x00007fc9fc895960:   00007fc9fb5b38cc 0000000000000074
0x00007fc9fc895970:   00007fc9fc896000 00007fc9f400f000
0x00007fc9fc895980:   00007fc9fc895b10 00007fc9faee8108
0x00007fc9fc895990:   0000000000000000 00007fc9fc8959f0
0x00007fc9fc8959a0:   00007fc9fc8959e0 00007fc9fc8961f0
0x00007fc9fc8959b0:   00007fc9fc8959d4 0000000000000078
0x00007fc9fc8959c0:   00007fc900000002 00007fc9f449d345
0x00007fc9fc8959d0:   00000d6300000007 0000000000000000
0x00007fc9fc8959e0:   00007fc9df5a2a68 00007fc9fc12235d
0x00007fc9fc8959f0:   00007fc9df414dd0 bea2484385353900
0x00007fc9fc895a00:   00007fc9f449cf80 00007fc9f449d87f
0x00007fc9fc895a10:   00007fc9f449d347 0000000000000000
0x00007fc9fc895a20:   0000000000000300 0000000000000078
0x00007fc9fc895a30:   0000000000000078 000000000000007e
0x00007fc9fc895a40:   00007fc9f400f000 00007fc9df5a2a68
0x00007fc9fc895a50:   00007fc9fc895a80 00007fc9fad768f9
0x00007fc9fc895a60:   00007fc9f400f000 00007fc9f402b9a0
0x00007fc9fc895a70:   000000000000000b 00007fc9fc895a90
0x00007fc9fc895a80:   00007fc9fc895ad0 00007fc9fad769a7
0x00007fc9fc895a90:   0000000000000000 0000000000000000
0x00007fc9fc895aa0:   0000000000000000 0000000000000000
0x00007fc9fc895ab0:   0000000000000000 00007fc9fb3641be
0x00007fc9fc895ac0:   00007fc9df5a2ae8 00007fc9df5a2ae8
0x00007fc9fc895ad0:   00007fc9fc895b10 bea2484385353900
0x00007fc9fc895ae0:   0000000000000180 00007fc9f400f000
0x00007fc9fc895af0:   00007fc9fc896000 00007fc9fc8961f0
0x00007fc9fc895b00:   0000000000000074 00007fc9fc896000
0x00007fc9fc895b10:   00007fc9fc895cd0 00007fc9faeed55d
0x00007fc9fc895b20:   00007fc9fb5e8917 00007fc9f400c1f0
0x00007fc9fc895b30:   00007fc9fc895b70 00007fc9fb3626ae 

Instructions: (pc=0x00007fc9fb4d01be)
0x00007fc9fb4d019e:   18 48 85 db 75 16 eb 62 66 2e 0f 1f 84 00 00 00
0x00007fc9fb4d01ae:   00 00 48 8b 5b 08 48 83 e3 fe 74 2e 41 83 c4 01
0x00007fc9fb4d01be:   44 39 3b 75 ed 4c 8b 6b 10 8b 55 cc 48 8b 75 c0
0x00007fc9fb4d01ce:   4c 89 ef e8 fa e0 ff ff 84 c0 74 d6 4c 89 ef e8 

Register to memory mapping:

RAX=0x00007fc9fc742b28 is an unknown value
RBX=0x000000005e0e5f1c is an unknown value
RCX=0x00007fc9f449d347 is an unknown value
RDX=0x0000000000000d63 is an unknown value
RSP=0x00007fc9fc895940 is pointing into the stack for thread: 0x00007fc9f400f000
RBP=0x00007fc9fc895980 is pointing into the stack for thread: 0x00007fc9f400f000
RSI=0x00007fc9f449d345 is an unknown value
RDI=0x0000000000000000 is an unknown value
R8 =0x00007fc9f449d345 is an unknown value
R9 =0x0000000000000002 is an unknown value
R10=0x00007fc9f40008d0 is an unknown value
R11=0x0000000000000001 is an unknown value
R12=0x0000000000000002 is an unknown value
R13=0x0000000000000074 is an unknown value
R14=0x00007fc9f402bb00 is an unknown value
R15=0x0000000000000d63 is an unknown value


Stack: [0x00007fc9fc799000,0x00007fc9fc899000],  sp=0x00007fc9fc895940,  free space=1010k
Native frames: (J=compiled Java code, j=interpreted, Vv=VM code, C=native code)
V  [libjvm.so+0xa1a1be]
V  [libjvm.so+0x432108]
V  [libjvm.so+0x43755d]
V  [libjvm.so+0x4388c7]
V  [libjvm.so+0xa24558]
V  [libjvm.so+0x6987d0]
C  [libjava.so+0x11adc]  Java_java_lang_reflect_Proxy_defineClass0+0x13c
j  java.lang.reflect.Proxy.defineClass0(Ljava/lang/ClassLoader;Ljava/lang/String;[BII)Ljava/lang/Class;+0
j  java.lang.reflect.Proxy.access$300(Ljava/lang/ClassLoader;Ljava/lang/String;[BII)Ljava/lang/Class;+6
j  java.lang.reflect.Proxy$ProxyClassFactory.apply(Ljava/lang/ClassLoader;[Ljava/lang/Class;)Ljava/lang/Class;+371
j  java.lang.reflect.Proxy$ProxyClassFactory.apply(Ljava/lang/Object;Ljava/lang/Object;)Ljava/lang/Object;+9
j  java.lang.reflect.WeakCache$Factory.get()Ljava/lang/Object;+41
j  java.lang.reflect.WeakCache.get(Ljava/lang/Object;Ljava/lang/Object;)Ljava/lang/Object;+112
j  java.lang.reflect.Proxy.getProxyClass0(Ljava/lang/ClassLoader;[Ljava/lang/Class;)Ljava/lang/Class;+22
j  java.lang.reflect.Proxy.newProxyInstance(Ljava/lang/ClassLoader;[Ljava/lang/Class;Ljava/lang/reflect/InvocationHandler;)Ljava/lang/Object;+33
j  sun.rmi.server.Util$1.run()Ljava/rmi/Remote;+12
j  sun.rmi.server.Util$1.run()Ljava/lang/Object;+1
v  ~StubRoutines::call_stub
V  [libjvm.so+0x680d0a]
V  [libjvm.so+0x6d62c0]  JVM_DoPrivileged+0x550
j  java.security.AccessController.doPrivileged(Ljava/security/PrivilegedAction;)Ljava/lang/Object;+0
j  sun.rmi.server.Util.createProxy(Ljava/lang/Class;Ljava/rmi/server/RemoteRef;Z)Ljava/rmi/Remote;+98
j  sun.rmi.server.UnicastServerRef.exportObject(Ljava/rmi/Remote;Ljava/lang/Object;Z)Ljava/rmi/Remote;+16
j  sun.management.jmxremote.ConnectorBootstrap$PermanentExporter.exportObject(Ljava/rmi/Remote;ILjava/rmi/server/RMIClientSocketFactory;Ljava/rmi/server/RMIServerSocketFactory;)Ljava/rmi/Remote;+71
j  javax.management.remote.rmi.RMIJRMPServerImpl.export(Ljava/rmi/Remote;)V+127
j  javax.management.remote.rmi.RMIJRMPServerImpl.export()V+12
j  javax.management.remote.rmi.RMIConnectorServer.start()V+270
j  sun.management.jmxremote.ConnectorBootstrap.exportMBeanServer(Ljavax/management/MBeanServer;IIZZLjava/lang/String;[Ljava/lang/String;[Ljava/lang/String;ZZLjava/lang/String;Ljava/lang/String;Ljava/lang/String;Ljava/lang/String;)Lsun/management/jmxremote/ConnectorBootstrap$JMXConnectorServerData;+304
j  sun.management.jmxremote.ConnectorBootstrap.startRemoteConnectorServer(Ljava/lang/String;Ljava/util/Properties;)Ljavax/management/remote/JMXConnectorServer;+820
j  sun.management.Agent.startAgent(Ljava/util/Properties;)V+66
j  sun.management.Agent.startAgent()V+19
v  ~StubRoutines::call_stub
V  [libjvm.so+0x680d0a]
V  [libjvm.so+0x67f5ab]
V  [libjvm.so+0x67fb88]
V  [libjvm.so+0x831fda]
V  [libjvm.so+0xa603da]
V  [libjvm.so+0x6aaf1f]  JNI_CreateJavaVM+0x5f
C  [libjli.so+0x2d3f]
C  [libjli.so+0x79bd]
C  [libpthread.so.0+0x76db]  start_thread+0xdb

Java frames: (J=compiled Java code, j=interpreted, Vv=VM code)
j  java.lang.reflect.Proxy.defineClass0(Ljava/lang/ClassLoader;Ljava/lang/String;[BII)Ljava/lang/Class;+0
j  java.lang.reflect.Proxy.access$300(Ljava/lang/ClassLoader;Ljava/lang/String;[BII)Ljava/lang/Class;+6
j  java.lang.reflect.Proxy$ProxyClassFactory.apply(Ljava/lang/ClassLoader;[Ljava/lang/Class;)Ljava/lang/Class;+371
j  java.lang.reflect.Proxy$ProxyClassFactory.apply(Ljava/lang/Object;Ljava/lang/Object;)Ljava/lang/Object;+9
j  java.lang.reflect.WeakCache$Factory.get()Ljava/lang/Object;+41
j  java.lang.reflect.WeakCache.get(Ljava/lang/Object;Ljava/lang/Object;)Ljava/lang/Object;+112
j  java.lang.reflect.Proxy.getProxyClass0(Ljava/lang/ClassLoader;[Ljava/lang/Class;)Ljava/lang/Class;+22
j  java.lang.reflect.Proxy.newProxyInstance(Ljava/lang/ClassLoader;[Ljava/lang/Class;Ljava/lang/reflect/InvocationHandler;)Ljava/lang/Object;+33
j  sun.rmi.server.Util$1.run()Ljava/rmi/Remote;+12
j  sun.rmi.server.Util$1.run()Ljava/lang/Object;+1
v  ~StubRoutines::call_stub
j  java.security.AccessController.doPrivileged(Ljava/security/PrivilegedAction;)Ljava/lang/Object;+0
j  sun.rmi.server.Util.createProxy(Ljava/lang/Class;Ljava/rmi/server/RemoteRef;Z)Ljava/rmi/Remote;+98
j  sun.rmi.server.UnicastServerRef.exportObject(Ljava/rmi/Remote;Ljava/lang/Object;Z)Ljava/rmi/Remote;+16
j  sun.management.jmxremote.ConnectorBootstrap$PermanentExporter.exportObject(Ljava/rmi/Remote;ILjava/rmi/server/RMIClientSocketFactory;Ljava/rmi/server/RMIServerSocketFactory;)Ljava/rmi/Remote;+71
j  javax.management.remote.rmi.RMIJRMPServerImpl.export(Ljava/rmi/Remote;)V+127
j  javax.management.remote.rmi.RMIJRMPServerImpl.export()V+12
j  javax.management.remote.rmi.RMIConnectorServer.start()V+270
j  sun.management.jmxremote.ConnectorBootstrap.exportMBeanServer(Ljavax/management/MBeanServer;IIZZLjava/lang/String;[Ljava/lang/String;[Ljava/lang/String;ZZLjava/lang/String;Ljava/lang/String;Ljava/lang/String;Ljava/lang/String;)Lsun/management/jmxremote/ConnectorBootstrap$JMXConnectorServerData;+304
j  sun.management.jmxremote.ConnectorBootstrap.startRemoteConnectorServer(Ljava/lang/String;Ljava/util/Properties;)Ljavax/management/remote/JMXConnectorServer;+820
j  sun.management.Agent.startAgent(Ljava/util/Properties;)V+66
j  sun.management.Agent.startAgent()V+19
v  ~StubRoutines::call_stub

---------------  P R O C E S S  ---------------

Java Threads: ( => current thread )
  0x00007fc9f40cc800 JavaThread "Service Thread" daemon [_thread_blocked, id=4688, stack(0x00007fc9dd436000,0x00007fc9dd537000)]
  0x00007fc9f40c1800 JavaThread "C1 CompilerThread2" daemon [_thread_blocked, id=4687, stack(0x00007fc9dd538000,0x00007fc9dd638000)]
  0x00007fc9f40c0000 JavaThread "C2 CompilerThread1" daemon [_thread_blocked, id=4686, stack(0x00007fc9dd639000,0x00007fc9dd739000)]
  0x00007fc9f40bd000 JavaThread "C2 CompilerThread0" daemon [_thread_blocked, id=4685, stack(0x00007fc9dd73a000,0x00007fc9dd83a000)]
  0x00007fc9f40b9000 JavaThread "Signal Dispatcher" daemon [_thread_blocked, id=4684, stack(0x00007fc9dd83a000,0x00007fc9dd93b000)]
  0x00007fc9f408a800 JavaThread "Finalizer" daemon [_thread_blocked, id=4683, stack(0x00007fc9ddc19000,0x00007fc9ddd1a000)]
  0x00007fc9f4086000 JavaThread "Reference Handler" daemon [_thread_blocked, id=4682, stack(0x00007fc9ddd1a000,0x00007fc9dde1b000)]
=>0x00007fc9f400f000 JavaThread "main" [_thread_in_vm, id=4676, stack(0x00007fc9fc799000,0x00007fc9fc899000)]

Other Threads:
  0x00007fc9f407c800 VMThread [stack: 0x00007fc9dde1c000,0x00007fc9ddf1c000] [id=4681]

VM state:not at safepoint (normal execution)

VM Mutex/Monitor currently owned by a thread: None

heap address: 0x000000071be00000, size: 2626 MB, Compressed Oops mode: Zero based, Oop shift amount: 3
Narrow klass base: 0x0000000000000000, Narrow klass shift: 3
Compressed class space size: 1073741824 Address: 0x00000007c0000000

Heap:
 PSYoungGen      total 49664K, used 5169K [0x0000000789500000, 0x000000078cc00000, 0x00000007c0000000)
  eden space 43008K, 12% used [0x0000000789500000,0x0000000789a0c470,0x000000078bf00000)
  from space 6656K, 0% used [0x000000078c580000,0x000000078c580000,0x000000078cc00000)
  to   space 6656K, 0% used [0x000000078bf00000,0x000000078bf00000,0x000000078c580000)
 ParOldGen       total 113664K, used 0K [0x000000071be00000, 0x0000000722d00000, 0x0000000789500000)
  object space 113664K, 0% used [0x000000071be00000,0x000000071be00000,0x0000000722d00000)
 Metaspace       used 5589K, capacity 5592K, committed 5888K, reserved 1056768K
  class space    used 645K, capacity 648K, committed 768K, reserved 1048576K

Card table byte_map: [0x00007fc9f8804000,0x00007fc9f8d26000] byte_map_base: 0x00007fc9f4f25000

Marking Bits: (ParMarkBitMap*) 0x00007fc9fba2e520
 Begin Bits: [0x00007fc9dfdf0000, 0x00007fc9e26f8000)
 End Bits:   [0x00007fc9e26f8000, 0x00007fc9e5000000)

Polling page: 0x00007fc9fc8af000

CodeCache: size=245760Kb used=1430Kb max_used=1430Kb free=244329Kb
 bounds [0x00007fc9e5000000, 0x00007fc9e5270000, 0x00007fc9f4000000]
 total_blobs=564 nmethods=262 adapters=217
 compilation: enabled

Compilation events (10 events):
Event: 0.734 Thread 0x00007fc9f40c1800 nmethod 256 0x00007fc9e51627d0 code [0x00007fc9e5162920, 0x00007fc9e5162a10]
Event: 0.736 Thread 0x00007fc9f40c1800  258       1       java.lang.String::replace (127 bytes)
Event: 0.736 Thread 0x00007fc9f40c1800 nmethod 258 0x00007fc9e5162a90 code [0x00007fc9e5162c00, 0x00007fc9e5162f30]
Event: 0.736 Thread 0x00007fc9f40c1800  257       1       sun.misc.ProxyGenerator$ConstantPool::addEntry (46 bytes)
Event: 0.736 Thread 0x00007fc9f40c1800 nmethod 257 0x00007fc9e5163190 code [0x00007fc9e5163320, 0x00007fc9e5163578]
Event: 0.736 Thread 0x00007fc9f40c1800  259       1       sun.misc.ProxyGenerator$ConstantPool$IndirectEntry::equals (49 bytes)
Event: 0.736 Thread 0x00007fc9f40c1800 nmethod 259 0x00007fc9e5163690 code [0x00007fc9e5163800, 0x00007fc9e51639d0]
Event: 0.736 Thread 0x00007fc9f40c1800  260       1       sun.misc.ProxyGenerator$ConstantPool$IndirectEntry::<init> (21 bytes)
Event: 0.737 Thread 0x00007fc9f40c1800 nmethod 260 0x00007fc9e5163a90 code [0x00007fc9e5163be0, 0x00007fc9e5163cf0]
Event: 0.737 Thread 0x00007fc9f40c1800  262       1       java.io.DataOutputStream::writeUTF (435 bytes)

GC Heap History (0 events):
No events

Deoptimization events (0 events):
No events

Classes redefined (0 events):
No events

Internal exceptions (10 events):
Event: 0.612 Thread 0x00007fc9f400f000 Exception <a 'java/security/PrivilegedActionException'> (0x000000078976f7d8) thrown at [/build/openjdk-8-nxKaDu/openjdk-8-8u265-b01/src/hotspot/src/share/vm/prims/jvm.cpp, line 1512]
Event: 0.612 Thread 0x00007fc9f400f000 Exception <a 'java/security/PrivilegedActionException'> (0x000000078976f9e8) thrown at [/build/openjdk-8-nxKaDu/openjdk-8-8u265-b01/src/hotspot/src/share/vm/prims/jvm.cpp, line 1512]
Event: 0.612 Thread 0x00007fc9f400f000 Exception <a 'java/security/PrivilegedActionException'> (0x0000000789771a70) thrown at [/build/openjdk-8-nxKaDu/openjdk-8-8u265-b01/src/hotspot/src/share/vm/prims/jvm.cpp, line 1512]
Event: 0.612 Thread 0x00007fc9f400f000 Exception <a 'java/security/PrivilegedActionException'> (0x0000000789771c80) thrown at [/build/openjdk-8-nxKaDu/openjdk-8-8u265-b01/src/hotspot/src/share/vm/prims/jvm.cpp, line 1512]
Event: 0.612 Thread 0x00007fc9f400f000 Exception <a 'java/security/PrivilegedActionException'> (0x0000000789772758) thrown at [/build/openjdk-8-nxKaDu/openjdk-8-8u265-b01/src/hotspot/src/share/vm/prims/jvm.cpp, line 1512]
Event: 0.612 Thread 0x00007fc9f400f000 Exception <a 'java/security/PrivilegedActionException'> (0x0000000789772968) thrown at [/build/openjdk-8-nxKaDu/openjdk-8-8u265-b01/src/hotspot/src/share/vm/prims/jvm.cpp, line 1512]
Event: 0.620 Thread 0x00007fc9f400f000 Exception <a 'java/util/zip/ZipException'> (0x0000000789783278) thrown at [/build/openjdk-8-nxKaDu/openjdk-8-8u265-b01/src/hotspot/src/share/vm/prims/jni.cpp, line 711]
Event: 0.620 Thread 0x00007fc9f400f000 Exception <a 'java/security/PrivilegedActionException'> (0x0000000789783668) thrown at [/build/openjdk-8-nxKaDu/openjdk-8-8u265-b01/src/hotspot/src/share/vm/prims/jvm.cpp, line 1512]
Event: 0.620 Thread 0x00007fc9f400f000 Exception <a 'java/security/PrivilegedActionException'> (0x0000000789783878) thrown at [/build/openjdk-8-nxKaDu/openjdk-8-8u265-b01/src/hotspot/src/share/vm/prims/jvm.cpp, line 1512]
Event: 0.734 Thread 0x00007fc9f400f000 Exception <a 'java/lang/ClassNotFoundException': javax/management/remote/rmi/RMIJRMPServerImpl$ExportedWrapper_Stub> (0x000000078992ddc8) thrown at [/build/openjdk-8-nxKaDu/openjdk-8-8u265-b01/src/hotspot/src/share/vm/classfile/systemDictionary.cpp, line 

Events (10 events):
Event: 0.735 loading class java/rmi/server/RemoteObjectInvocationHandler
Event: 0.735 loading class java/rmi/server/RemoteObject
Event: 0.735 loading class java/rmi/server/RemoteObject done
Event: 0.735 loading class java/rmi/server/RemoteObjectInvocationHandler done
Event: 0.735 loading class java/rmi/server/RemoteObjectInvocationHandler$1
Event: 0.735 loading class java/rmi/server/RemoteObjectInvocationHandler$1 done
Event: 0.735 loading class java/rmi/server/RemoteObjectInvocationHandler$MethodToHash_Maps
Event: 0.735 loading class java/rmi/server/RemoteObjectInvocationHandler$MethodToHash_Maps done
Event: 0.735 loading class sun/rmi/server/Util$1
Event: 0.735 loading class sun/rmi/server/Util$1 done


Dynamic libraries:
71be00000-722d00000 rw-p 00000000 00:00 0 
722d00000-789500000 ---p 00000000 00:00 0 
789500000-78cc00000 rw-p 00000000 00:00 0 
78cc00000-7c0000000 ---p 00000000 00:00 0 
7c0000000-7c00c0000 rw-p 00000000 00:00 0 
7c00c0000-800000000 ---p 00000000 00:00 0 
55c87736e000-55c87736f000 r-xp 00000000 08:01 2493960                    /usr/lib/jvm/java-8-openjdk-amd64/jre/bin/java
55c87756e000-55c87756f000 r--p 00000000 08:01 2493960                    /usr/lib/jvm/java-8-openjdk-amd64/jre/bin/java
55c87756f000-55c877570000 rw-p 00001000 08:01 2493960                    /usr/lib/jvm/java-8-openjdk-amd64/jre/bin/java
55c879298000-55c8792b9000 rw-p 00000000 00:00 0                          [heap]
7fc9a0000000-7fc9a0021000 rw-p 00000000 00:00 0 
7fc9a0021000-7fc9a4000000 ---p 00000000 00:00 0 
7fc9a8000000-7fc9a8021000 rw-p 00000000 00:00 0 
7fc9a8021000-7fc9ac000000 ---p 00000000 00:00 0 
7fc9ac000000-7fc9ac0e7000 rw-p 00000000 00:00 0 
7fc9ac0e7000-7fc9b0000000 ---p 00000000 00:00 0 
7fc9b0000000-7fc9b0021000 rw-p 00000000 00:00 0 
7fc9b0021000-7fc9b4000000 ---p 00000000 00:00 0 
7fc9b4000000-7fc9b404e000 rw-p 00000000 00:00 0 
7fc9b404e000-7fc9b8000000 ---p 00000000 00:00 0 
7fc9b8000000-7fc9b8021000 rw-p 00000000 00:00 0 
7fc9b8021000-7fc9bc000000 ---p 00000000 00:00 0 
7fc9bc000000-7fc9bc021000 rw-p 00000000 00:00 0 
7fc9bc021000-7fc9c0000000 ---p 00000000 00:00 0 
7fc9c0000000-7fc9c0021000 rw-p 00000000 00:00 0 
7fc9c0021000-7fc9c4000000 ---p 00000000 00:00 0 
7fc9c4000000-7fc9c4021000 rw-p 00000000 00:00 0 
7fc9c4021000-7fc9c8000000 ---p 00000000 00:00 0 
7fc9c8000000-7fc9c8021000 rw-p 00000000 00:00 0 
7fc9c8021000-7fc9cc000000 ---p 00000000 00:00 0 
7fc9d0000000-7fc9d0021000 rw-p 00000000 00:00 0 
7fc9d0021000-7fc9d4000000 ---p 00000000 00:00 0 
7fc9d8000000-7fc9d8021000 rw-p 00000000 00:00 0 
7fc9d8021000-7fc9dc000000 ---p 00000000 00:00 0 
7fc9dcadd000-7fc9dcae2000 r--s 000a7000 08:01 2494294                    /usr/lib/jvm/java-8-openjdk-amd64/jre/lib/jsse.jar
7fc9dcae2000-7fc9dcaf7000 r--s 0021e000 08:01 6029733                    /home/os12/.m2/repository/com/h2database/h2/1.4.200/h2-1.4.200.jar
7fc9dcaf7000-7fc9dcaf9000 r--s 0000a000 08:01 6029910                    /home/os12/.m2/repository/org/springframework/spring-aspects/5.2.7.RELEASE/spring-aspects-5.2.7.RELEASE.jar
7fc9dcaf9000-7fc9dcb02000 r--s 00044000 08:01 6029729                    /home/os12/.m2/repository/org/springframework/spring-tx/5.2.7.RELEASE/spring-tx-5.2.7.RELEASE.jar
7fc9dcb02000-7fc9dcb07000 r--s 0002d000 08:01 6029902                    /home/os12/.m2/repository/org/springframework/spring-orm/5.2.7.RELEASE/spring-orm-5.2.7.RELEASE.jar
7fc9dcb07000-7fc9dcb1f000 r--s 00111000 08:01 5245494                    /home/os12/.m2/repository/org/springframework/data/spring-data-commons/2.3.1.RELEASE/spring-data-commons-2.3.1.RELEASE.jar
7fc9dcb1f000-7fc9dcb27000 r--s 00052000 08:01 5245518                    /home/os12/.m2/repository/org/springframework/data/spring-data-jpa/2.3.1.RELEASE/spring-data-jpa-2.3.1.RELEASE.jar
7fc9dcb27000-7fc9dcb29000 r--s 0000f000 08:01 6029726                    /home/os12/.m2/repository/com/sun/activation/jakarta.activation/1.2.2/jakarta.activation-1.2.2.jar
7fc9dcb29000-7fc9dcb2b000 r--s 00006000 08:01 6029723                    /home/os12/.m2/repository/com/sun/istack/istack-commons-runtime/3.0.11/istack-commons-runtime-3.0.11.jar
7fc9dcb2b000-7fc9dcb2d000 r--s 00010000 08:01 6029722                    /home/os12/.m2/repository/org/glassfish/jaxb/txw2/2.3.3/txw2-2.3.3.jar
7fc9dcb2d000-7fc9dcb42000 r--s 000e8000 08:01 6029719                    /home/os12/.m2/repository/org/glassfish/jaxb/jaxb-runtime/2.3.3/jaxb-runtime-2.3.3.jar
7fc9dcb42000-7fc9dcb45000 r--s 00010000 08:01 6029717                    /home/os12/.m2/repository/org/hibernate/common/hibernate-commons-annotations/5.1.0.Final/hibernate-commons-annotations-5.1.0.Final.jar
7fc9dcb45000-7fc9dcb4a000 r--s 0004b000 08:01 6029715                    /home/os12/.m2/repository/org/dom4j/dom4j/2.1.3/dom4j-2.1.3.jar
7fc9dcb4a000-7fc9dcb4c000 r--s 0000f000 08:01 6029713                    /home/os12/.m2/repository/com/fasterxml/classmate/1.5.1/classmate-1.5.1.jar
7fc9dcb4c000-7fc9dcb4f000 r--s 0002d000 08:01 6029712                    /home/os12/.m2/repository/org/jboss/jandex/2.1.3.Final/jandex-2.1.3.Final.jar
7fc9dcb4f000-7fc9dcb54000 r--s 00068000 08:01 6029861                    /home/os12/.m2/repository/antlr/antlr/2.7.7/antlr-2.7.7.jar
7fc9dcb54000-7fc9dcb5e000 r--s 000b4000 08:01 6029707                    /home/os12/.m2/repository/org/javassist/javassist/3.24.0-GA/javassist-3.24.0-GA.jar
7fc9dcb5e000-7fc9dcb60000 r--s 0000d000 08:01 6029705                    /home/os12/.m2/repository/org/jboss/logging/jboss-logging/3.4.1.Final/jboss-logging-3.4.1.Final.jar
7fc9dcb60000-7fc9dcbe6000 r--s 00670000 08:01 6029703                    /home/os12/.m2/repository/org/hibernate/hibernate-core/5.4.17.Final/hibernate-core-5.4.17.Final.jar
7fc9dcbe6000-7fc9dcbec000 r--s 00023000 08:01 6029701                    /home/os12/.m2/repository/jakarta/persistence/jakarta.persistence-api/2.2.3/jakarta.persistence-api-2.2.3.jar
7fc9dcbec000-7fc9dcbed000 r--s 00003000 08:01 6029699                    /home/os12/.m2/repository/jakarta/transaction/jakarta.transaction-api/1.3.3/jakarta.transaction-api-1.3.3.jar
7fc9dcbed000-7fc9dcbf7000 r--s 0005a000 08:01 6029697                    /home/os12/.m2/repository/org/springframework/spring-jdbc/5.2.7.RELEASE/spring-jdbc-5.2.7.RELEASE.jar
7fc9dcbf7000-7fc9dcbfb000 r--s 00023000 08:01 6029695                    /home/os12/.m2/repository/com/zaxxer/HikariCP/3.4.5/HikariCP-3.4.5.jar
7fc9dcbfb000-7fc9dcbfc000 r--s 00001000 08:01 6029693                    /home/os12/.m2/repository/org/springframework/boot/spring-boot-starter-jdbc/2.3.1.RELEASE/spring-boot-starter-jdbc-2.3.1.RELEASE.jar
7fc9dcbfc000-7fc9dcc15000 r--s 001da000 08:01 6029691                    /home/os12/.m2/repository/org/aspectj/aspectjweaver/1.9.5/aspectjweaver-1.9.5.jar
7fc9dcc15000-7fc9dcc16000 r--s 00001000 08:01 6029689                    /home/os12/.m2/repository/org/springframework/boot/spring-boot-starter-aop/2.3.1.RELEASE/spring-boot-starter-aop-2.3.1.RELEASE.jar
7fc9dcc16000-7fc9dcc17000 r--s 00001000 08:01 6029687                    /home/os12/.m2/repository/org/springframework/boot/spring-boot-starter-data-jpa/2.3.1.RELEASE/spring-boot-starter-data-jpa-2.3.1.RELEASE.jar
7fc9dcc17000-7fc9dcc18000 r--s 00005000 08:01 5902125                    /home/os12/.m2/repository/org/springframework/spring-jcl/5.2.7.RELEASE/spring-jcl-5.2.7.RELEASE.jar
7fc9dcc18000-7fc9dcc34000 r--s 00145000 08:01 5902268                    /home/os12/.m2/repository/org/springframework/spring-core/5.2.7.RELEASE/spring-core-5.2.7.RELEASE.jar
7fc9dcc34000-7fc9dcc7f000 r--s 00307000 08:01 6029671                    /home/os12/.m2/repository/net/bytebuddy/byte-buddy/1.10.11/byte-buddy-1.10.11.jar
7fc9dcc7f000-7fc9dcc81000 r--s 0000a000 08:01 5902132                    /home/os12/.m2/repository/jakarta/activation/jakarta.activation-api/1.2.2/jakarta.activation-api-1.2.2.jar
7fc9dcc81000-7fc9dcc85000 r--s 00019000 08:01 5902162                    /home/os12/.m2/repository/jakarta/xml/bind/jakarta.xml.bind-api/2.3.3/jakarta.xml.bind-api-2.3.3.jar
7fc9dcc85000-7fc9dcc87000 r--s 00009000 08:01 5902092                    /home/os12/.m2/repository/org/slf4j/slf4j-api/1.7.30/slf4j-api-1.7.30.jar
7fc9dcc87000-7fc9dcc8c000 r--s 00040000 08:01 5902144                    /home/os12/.m2/repository/org/springframework/spring-expression/5.2.7.RELEASE/spring-expression-5.2.7.RELEASE.jar
7fc9dcc8c000-7fc9dcca7000 r--s 00111000 08:01 5902142                    /home/os12/.m2/repository/org/springframework/spring-context/5.2.7.RELEASE/spring-context-5.2.7.RELEASE.jar
7fc9dcca7000-7fc9dccb0000 r--s 00052000 08:01 5902140                    /home/os12/.m2/repository/org/springframework/spring-aop/5.2.7.RELEASE/spring-aop-5.2.7.RELEASE.jar
7fc9dccb0000-7fc9dccc2000 r--s 000d8000 08:01 5902128                    /home/os12/.m2/repository/org/springframework/spring-webmvc/5.2.7.RELEASE/spring-webmvc-5.2.7.RELEASE.jar
7fc9dccc2000-7fc9dcccf000 r--s 0009c000 08:01 5902123                    /home/os12/.m2/repository/org/springframework/spring-beans/5.2.7.RELEASE/spring-beans-5.2.7.RELEASE.jar
7fc9dcccf000-7fc9dcceb000 r--s 00144000 08:01 5902122                    /home/os12/.m2/repository/org/springframework/spring-web/5.2.7.RELEASE/spring-web-5.2.7.RELEASE.jar
7fc9dcceb000-7fc9dccf1000 r--s 0003c000 08:01 5902133                    /home/os12/.m2/repository/org/apache/tomcat/embed/tomcat-embed-websocket/9.0.36/tomcat-embed-websocket-9.0.36.jar
7fc9dccf1000-7fc9dccf6000 r--s 00036000 08:01 5902100                    /home/os12/.m2/repository/org/glassfish/jakarta.el/3.0.3/jakarta.el-3.0.3.jar
7fc9dccf6000-7fc9dcd21000 r--s 0030d000 08:01 5902129                    /home/os12/.m2/repository/org/apache/tomcat/embed/tomcat-embed-core/9.0.36/tomcat-embed-core-9.0.36.jar
7fc9dcd21000-7fc9dcd22000 r--s 00001000 08:01 5902127                    /home/os12/.m2/repository/org/springframework/boot/spring-boot-starter-tomcat/2.3.1.RELEASE/spring-boot-starter-tomcat-2.3.1.RELEASE.jar
7fc9dcd22000-7fc9dcd24000 r--s 00001000 08:01 5902098                    /home/os12/.m2/repository/com/fasterxml/jackson/module/jackson-module-parameter-names/2.11.0/jackson-module-parameter-names-2.11.0.jar
7fc9dcd24000-7fc9dcd28000 r--s 00018000 08:01 5902136                    /home/os12/.m2/repository/com/fasterxml/jackson/datatype/jackson-datatype-jsr310/2.11.0/jackson-datatype-jsr310-2.11.0.jar
7fc9dcd28000-7fc9dcd2a000 r--s 00007000 08:01 5902120                    /home/os12/.m2/repository/com/fasterxml/jackson/datatype/jackson-datatype-jdk8/2.11.0/jackson-datatype-jdk8-2.11.0.jar
7fc9dcd2a000-7fc9dcd2e000 r--s 00052000 08:01 5902119                    /home/os12/.m2/repository/com/fasterxml/jackson/core/jackson-core/2.11.0/jackson-core-2.11.0.jar
7fc9dcd2e000-7fc9dcd31000 r--s 0000e000 08:01 5902117                    /home/os12/.m2/repository/com/fasterxml/jackson/core/jackson-annotations/2.11.0/jackson-annotations-2.11.0.jar
7fc9dcd31000-7fc9dcd47000 r--s 00145000 08:01 5902114                    /home/os12/.m2/repository/com/fasterxml/jackson/core/jackson-databind/2.11.0/jackson-databind-2.11.0.jar
7fc9dcd47000-7fc9dcd4e000 r--s 00045000 08:01 5902110                    /home/os12/.m2/repository/org/yaml/snakeyaml/1.26/snakeyaml-1.26.jar
7fc9dcd4e000-7fc9dcd50000 r--s 00005000 08:01 5902109                    /home/os12/.m2/repository/jakarta/annotation/jakarta.annotation-api/1.3.5/jakarta.annotation-api-1.3.5.jar
7fc9dcd50000-7fc9dcd52000 r--s 00000000 08:01 5902107                    /home/os12/.m2/repository/org/slf4j/jul-to-slf4j/1.7.30/jul-to-slf4j-1.7.30.jar
7fc9dcd52000-7fc9dcd58000 r--s 00042000 08:01 5902105                    /home/os12/.m2/repository/org/apache/logging/log4j/log4j-api/2.13.3/log4j-api-2.13.3.jar
7fc9dcd58000-7fc9dcd5a000 r--s 00003000 08:01 5902102                    /home/os12/.m2/repository/org/apache/logging/log4j/log4j-to-slf4j/2.13.3/log4j-to-slf4j-2.13.3.jar
7fc9dcd5a000-7fc9dcd65000 r--s 00069000 08:01 5902101                    /home/os12/.m2/repository/ch/qos/logback/logback-core/1.2.3/logback-core-1.2.3.jar
7fc9dcd65000-7fc9dcd6b000 r--s 00041000 08:01 5902099                    /home/os12/.m2/repository/ch/qos/logback/logback-classic/1.2.3/logback-classic-1.2.3.jar
7fc9dcd6b000-7fc9dcd95000 r--s 0013d000 08:01 5902094                    /home/os12/.m2/repository/org/springframework/boot/spring-boot-autoconfigure/2.3.1.RELEASE/spring-boot-autoconfigure-2.3.1.RELEASE.jar
7fc9dcd95000-7fc9dcdae000 r--s 000f9000 08:01 5902089                    /home/os12/.m2/repository/org/springframework/boot/spring-boot/2.3.1.RELEASE/spring-boot-2.3.1.RELEASE.jar
7fc9dcdae000-7fc9dcdb4000 r--s 0003d000 08:01 2494280                    /usr/lib/jvm/java-8-openjdk-amd64/jre/lib/ext/sunjce_provider.jar
7fc9dcdb4000-7fc9dcdcf000 r--s 001d6000 08:01 2494278                    /usr/lib/jvm/java-8-openjdk-amd64/jre/lib/ext/nashorn.jar
7fc9dcdcf000-7fc9dcde1000 r-xp 00000000 08:01 2494255                    /usr/lib/jvm/java-8-openjdk-amd64/jre/lib/amd64/libnio.so
7fc9dcde1000-7fc9dcfe0000 ---p 00012000 08:01 2494255                    /usr/lib/jvm/java-8-openjdk-amd64/jre/lib/amd64/libnio.so
7fc9dcfe0000-7fc9dcfe1000 r--p 00011000 08:01 2494255                    /usr/lib/jvm/java-8-openjdk-amd64/jre/lib/amd64/libnio.so
7fc9dcfe1000-7fc9dcfe2000 rw-p 00012000 08:01 2494255                    /usr/lib/jvm/java-8-openjdk-amd64/jre/lib/amd64/libnio.so
7fc9dcfe2000-7fc9dd013000 rw-p 00000000 00:00 0 
7fc9dd013000-7fc9dd02a000 r-xp 00000000 08:01 2494254                    /usr/lib/jvm/java-8-openjdk-amd64/jre/lib/amd64/libnet.so
7fc9dd02a000-7fc9dd22a000 ---p 00017000 08:01 2494254                    /usr/lib/jvm/java-8-openjdk-amd64/jre/lib/amd64/libnet.so
7fc9dd22a000-7fc9dd22b000 r--p 00017000 08:01 2494254                    /usr/lib/jvm/java-8-openjdk-amd64/jre/lib/amd64/libnet.so
7fc9dd22b000-7fc9dd22c000 rw-p 00018000 08:01 2494254                    /usr/lib/jvm/java-8-openjdk-amd64/jre/lib/amd64/libnet.so
7fc9dd22c000-7fc9dd235000 r-xp 00000000 08:01 2494252                    /usr/lib/jvm/java-8-openjdk-amd64/jre/lib/amd64/libmanagement.so
7fc9dd235000-7fc9dd434000 ---p 00009000 08:01 2494252                    /usr/lib/jvm/java-8-openjdk-amd64/jre/lib/amd64/libmanagement.so
7fc9dd434000-7fc9dd435000 r--p 00008000 08:01 2494252                    /usr/lib/jvm/java-8-openjdk-amd64/jre/lib/amd64/libmanagement.so
7fc9dd435000-7fc9dd436000 rw-p 00009000 08:01 2494252                    /usr/lib/jvm/java-8-openjdk-amd64/jre/lib/amd64/libmanagement.so
7fc9dd436000-7fc9dd439000 ---p 00000000 00:00 0 
7fc9dd439000-7fc9dd537000 rw-p 00000000 00:00 0 
7fc9dd537000-7fc9dd538000 ---p 00000000 00:00 0 
7fc9dd538000-7fc9dd53b000 ---p 00000000 00:00 0 
7fc9dd53b000-7fc9dd638000 rw-p 00000000 00:00 0 
7fc9dd638000-7fc9dd639000 ---p 00000000 00:00 0 
7fc9dd639000-7fc9dd63c000 ---p 00000000 00:00 0 
7fc9dd63c000-7fc9dd739000 rw-p 00000000 00:00 0 
7fc9dd739000-7fc9dd73a000 ---p 00000000 00:00 0 
7fc9dd73a000-7fc9dd73d000 ---p 00000000 00:00 0 
7fc9dd73d000-7fc9dd83a000 rw-p 00000000 00:00 0 
7fc9dd83a000-7fc9dd83d000 ---p 00000000 00:00 0 
7fc9dd83d000-7fc9dd93b000 rw-p 00000000 00:00 0 
7fc9dd93b000-7fc9ddc19000 r--p 00000000 08:01 2499784                    /usr/lib/locale/locale-archive
7fc9ddc19000-7fc9ddc1c000 ---p 00000000 00:00 0 
7fc9ddc1c000-7fc9ddd1a000 rw-p 00000000 00:00 0 
7fc9ddd1a000-7fc9ddd1d000 ---p 00000000 00:00 0 
7fc9ddd1d000-7fc9dde1b000 rw-p 00000000 00:00 0 
7fc9dde1b000-7fc9dde1c000 ---p 00000000 00:00 0 
7fc9dde1c000-7fc9deefd000 rw-p 00000000 00:00 0 
7fc9deefd000-7fc9df0cf000 r--s 03ca8000 08:01 2494299                    /usr/lib/jvm/java-8-openjdk-amd64/jre/lib/rt.jar
7fc9df0cf000-7fc9df5cf000 rw-p 00000000 00:00 0 
7fc9df5cf000-7fc9df8cf000 ---p 00000000 00:00 0 
7fc9df8cf000-7fc9e5000000 rw-p 00000000 00:00 0 
7fc9e5000000-7fc9e5270000 rwxp 00000000 00:00 0 
7fc9e5270000-7fc9f4000000 ---p 00000000 00:00 0 
7fc9f4000000-7fc9f44b3000 rw-p 00000000 00:00 0 
7fc9f44b3000-7fc9f8000000 ---p 00000000 00:00 0 
7fc9f8000000-7fc9f8001000 r--s 00001000 08:01 5902112                    /home/os12/.m2/repository/org/springframework/boot/spring-boot-starter-json/2.3.1.RELEASE/spring-boot-starter-json-2.3.1.RELEASE.jar
7fc9f8001000-7fc9f8002000 r--s 00001000 08:01 5902096                    /home/os12/.m2/repository/org/springframework/boot/spring-boot-starter-logging/2.3.1.RELEASE/spring-boot-starter-logging-2.3.1.RELEASE.jar
7fc9f8002000-7fc9f8003000 r--s 00001000 08:01 5902090                    /home/os12/.m2/repository/org/springframework/boot/spring-boot-starter/2.3.1.RELEASE/spring-boot-starter-2.3.1.RELEASE.jar
7fc9f8003000-7fc9f801e000 r--s 00394000 08:01 2494273                    /usr/lib/jvm/java-8-openjdk-amd64/jre/lib/ext/cldrdata.jar
7fc9f801e000-7fc9f8094000 rw-p 00000000 00:00 0 
7fc9f8094000-7fc9f8095000 ---p 00000000 00:00 0 
7fc9f8095000-7fc9f8195000 rw-p 00000000 00:00 0 
7fc9f8195000-7fc9f8196000 ---p 00000000 00:00 0 
7fc9f8196000-7fc9f8296000 rw-p 00000000 00:00 0 
7fc9f8296000-7fc9f8297000 ---p 00000000 00:00 0 
7fc9f8297000-7fc9f8397000 rw-p 00000000 00:00 0 
7fc9f8397000-7fc9f8398000 ---p 00000000 00:00 0 
7fc9f8398000-7fc9f84d0000 rw-p 00000000 00:00 0 
7fc9f84d0000-7fc9f8804000 ---p 00000000 00:00 0 
7fc9f8804000-7fc9f883c000 rw-p 00000000 00:00 0 
7fc9f883c000-7fc9f8b6f000 ---p 00000000 00:00 0 
7fc9f8b6f000-7fc9f8b8b000 rw-p 00000000 00:00 0 
7fc9f8b8b000-7fc9f8d25000 ---p 00000000 00:00 0 
7fc9f8d25000-7fc9f8d30000 rw-p 00000000 00:00 0 
7fc9f8d30000-7fc9f90e6000 ---p 00000000 00:00 0 
7fc9f90e6000-7fc9f90ee000 r-xp 00000000 08:01 2494262                    /usr/lib/jvm/java-8-openjdk-amd64/jre/lib/amd64/libzip.so
7fc9f90ee000-7fc9f92ed000 ---p 00008000 08:01 2494262                    /usr/lib/jvm/java-8-openjdk-amd64/jre/lib/amd64/libzip.so
7fc9f92ed000-7fc9f92ee000 r--p 00007000 08:01 2494262                    /usr/lib/jvm/java-8-openjdk-amd64/jre/lib/amd64/libzip.so
7fc9f92ee000-7fc9f92ef000 rw-p 00008000 08:01 2494262                    /usr/lib/jvm/java-8-openjdk-amd64/jre/lib/amd64/libzip.so
7fc9f92ef000-7fc9f92fa000 r-xp 00000000 08:01 3282136                    /lib/x86_64-linux-gnu/libnss_files-2.27.so
7fc9f92fa000-7fc9f94f9000 ---p 0000b000 08:01 3282136                    /lib/x86_64-linux-gnu/libnss_files-2.27.so
7fc9f94f9000-7fc9f94fa000 r--p 0000a000 08:01 3282136                    /lib/x86_64-linux-gnu/libnss_files-2.27.so
7fc9f94fa000-7fc9f94fb000 rw-p 0000b000 08:01 3282136                    /lib/x86_64-linux-gnu/libnss_files-2.27.so
7fc9f94fb000-7fc9f9501000 rw-p 00000000 00:00 0 
7fc9f9501000-7fc9f9518000 r-xp 00000000 08:01 3282133                    /lib/x86_64-linux-gnu/libnsl-2.27.so
7fc9f9518000-7fc9f9717000 ---p 00017000 08:01 3282133                    /lib/x86_64-linux-gnu/libnsl-2.27.so
7fc9f9717000-7fc9f9718000 r--p 00016000 08:01 3282133                    /lib/x86_64-linux-gnu/libnsl-2.27.so
7fc9f9718000-7fc9f9719000 rw-p 00017000 08:01 3282133                    /lib/x86_64-linux-gnu/libnsl-2.27.so
7fc9f9719000-7fc9f971b000 rw-p 00000000 00:00 0 
7fc9f971b000-7fc9f9726000 r-xp 00000000 08:01 3282138                    /lib/x86_64-linux-gnu/libnss_nis-2.27.so
7fc9f9726000-7fc9f9925000 ---p 0000b000 08:01 3282138                    /lib/x86_64-linux-gnu/libnss_nis-2.27.so
7fc9f9925000-7fc9f9926000 r--p 0000a000 08:01 3282138                    /lib/x86_64-linux-gnu/libnss_nis-2.27.so
7fc9f9926000-7fc9f9927000 rw-p 0000b000 08:01 3282138                    /lib/x86_64-linux-gnu/libnss_nis-2.27.so
7fc9f9927000-7fc9f992f000 r-xp 00000000 08:01 3282134                    /lib/x86_64-linux-gnu/libnss_compat-2.27.so
7fc9f992f000-7fc9f9b2f000 ---p 00008000 08:01 3282134                    /lib/x86_64-linux-gnu/libnss_compat-2.27.so
7fc9f9b2f000-7fc9f9b30000 r--p 00008000 08:01 3282134                    /lib/x86_64-linux-gnu/libnss_compat-2.27.so
7fc9f9b30000-7fc9f9b31000 rw-p 00009000 08:01 3282134                    /lib/x86_64-linux-gnu/libnss_compat-2.27.so
7fc9f9b31000-7fc9f9b5b000 r-xp 00000000 08:01 2494243                    /usr/lib/jvm/java-8-openjdk-amd64/jre/lib/amd64/libjava.so
7fc9f9b5b000-7fc9f9d5a000 ---p 0002a000 08:01 2494243                    /usr/lib/jvm/java-8-openjdk-amd64/jre/lib/amd64/libjava.so
7fc9f9d5a000-7fc9f9d5b000 r--p 00029000 08:01 2494243                    /usr/lib/jvm/java-8-openjdk-amd64/jre/lib/amd64/libjava.so
7fc9f9d5b000-7fc9f9d5d000 rw-p 0002a000 08:01 2494243                    /usr/lib/jvm/java-8-openjdk-amd64/jre/lib/amd64/libjava.so
7fc9f9d5d000-7fc9f9d6d000 r-xp 00000000 08:01 2494261                    /usr/lib/jvm/java-8-openjdk-amd64/jre/lib/amd64/libverify.so
7fc9f9d6d000-7fc9f9f6c000 ---p 00010000 08:01 2494261                    /usr/lib/jvm/java-8-openjdk-amd64/jre/lib/amd64/libverify.so
7fc9f9f6c000-7fc9f9f6e000 r--p 0000f000 08:01 2494261                    /usr/lib/jvm/java-8-openjdk-amd64/jre/lib/amd64/libverify.so
7fc9f9f6e000-7fc9f9f6f000 rw-p 00011000 08:01 2494261                    /usr/lib/jvm/java-8-openjdk-amd64/jre/lib/amd64/libverify.so
7fc9f9f6f000-7fc9f9f76000 r-xp 00000000 08:01 3282251                    /lib/x86_64-linux-gnu/librt-2.27.so
7fc9f9f76000-7fc9fa175000 ---p 00007000 08:01 3282251                    /lib/x86_64-linux-gnu/librt-2.27.so
7fc9fa175000-7fc9fa176000 r--p 00006000 08:01 3282251                    /lib/x86_64-linux-gnu/librt-2.27.so
7fc9fa176000-7fc9fa177000 rw-p 00007000 08:01 3282251                    /lib/x86_64-linux-gnu/librt-2.27.so
7fc9fa177000-7fc9fa18e000 r-xp 00000000 08:01 3276889                    /lib/x86_64-linux-gnu/libgcc_s.so.1
7fc9fa18e000-7fc9fa38d000 ---p 00017000 08:01 3276889                    /lib/x86_64-linux-gnu/libgcc_s.so.1
7fc9fa38d000-7fc9fa38e000 r--p 00016000 08:01 3276889                    /lib/x86_64-linux-gnu/libgcc_s.so.1
7fc9fa38e000-7fc9fa38f000 rw-p 00017000 08:01 3276889                    /lib/x86_64-linux-gnu/libgcc_s.so.1
7fc9fa38f000-7fc9fa52c000 r-xp 00000000 08:01 3276898                    /lib/x86_64-linux-gnu/libm-2.27.so
7fc9fa52c000-7fc9fa72b000 ---p 0019d000 08:01 3276898                    /lib/x86_64-linux-gnu/libm-2.27.so
7fc9fa72b000-7fc9fa72c000 r--p 0019c000 08:01 3276898                    /lib/x86_64-linux-gnu/libm-2.27.so
7fc9fa72c000-7fc9fa72d000 rw-p 0019d000 08:01 3276898                    /lib/x86_64-linux-gnu/libm-2.27.so
7fc9fa72d000-7fc9fa8a6000 r-xp 00000000 08:01 2492804                    /usr/lib/x86_64-linux-gnu/libstdc++.so.6.0.25
7fc9fa8a6000-7fc9faaa6000 ---p 00179000 08:01 2492804                    /usr/lib/x86_64-linux-gnu/libstdc++.so.6.0.25
7fc9faaa6000-7fc9faab0000 r--p 00179000 08:01 2492804                    /usr/lib/x86_64-linux-gnu/libstdc++.so.6.0.25
7fc9faab0000-7fc9faab2000 rw-p 00183000 08:01 2492804                    /usr/lib/x86_64-linux-gnu/libstdc++.so.6.0.25
7fc9faab2000-7fc9faab6000 rw-p 00000000 00:00 0 
7fc9faab6000-7fc9fb75e000 r-xp 00000000 08:01 2494264                    /usr/lib/jvm/java-8-openjdk-amd64/jre/lib/amd64/server/libjvm.so
7fc9fb75e000-7fc9fb95e000 ---p 00ca8000 08:01 2494264                    /usr/lib/jvm/java-8-openjdk-amd64/jre/lib/amd64/server/libjvm.so
7fc9fb95e000-7fc9fb9f2000 r--p 00ca8000 08:01 2494264                    /usr/lib/jvm/java-8-openjdk-amd64/jre/lib/amd64/server/libjvm.so
7fc9fb9f2000-7fc9fba1b000 rw-p 00d3c000 08:01 2494264                    /usr/lib/jvm/java-8-openjdk-amd64/jre/lib/amd64/server/libjvm.so
7fc9fba1b000-7fc9fba4b000 rw-p 00000000 00:00 0 
7fc9fba4b000-7fc9fba65000 r-xp 00000000 08:01 3282174                    /lib/x86_64-linux-gnu/libpthread-2.27.so
7fc9fba65000-7fc9fbc64000 ---p 0001a000 08:01 3282174                    /lib/x86_64-linux-gnu/libpthread-2.27.so
7fc9fbc64000-7fc9fbc65000 r--p 00019000 08:01 3282174                    /lib/x86_64-linux-gnu/libpthread-2.27.so
7fc9fbc65000-7fc9fbc66000 rw-p 0001a000 08:01 3282174                    /lib/x86_64-linux-gnu/libpthread-2.27.so
7fc9fbc66000-7fc9fbc6a000 rw-p 00000000 00:00 0 
7fc9fbc6a000-7fc9fbc6d000 r-xp 00000000 08:01 3276897                    /lib/x86_64-linux-gnu/libdl-2.27.so
7fc9fbc6d000-7fc9fbe6c000 ---p 00003000 08:01 3276897                    /lib/x86_64-linux-gnu/libdl-2.27.so
7fc9fbe6c000-7fc9fbe6d000 r--p 00002000 08:01 3276897                    /lib/x86_64-linux-gnu/libdl-2.27.so
7fc9fbe6d000-7fc9fbe6e000 rw-p 00003000 08:01 3276897                    /lib/x86_64-linux-gnu/libdl-2.27.so
7fc9fbe6e000-7fc9fbe8a000 r-xp 00000000 08:01 3282289                    /lib/x86_64-linux-gnu/libz.so.1.2.11
7fc9fbe8a000-7fc9fc089000 ---p 0001c000 08:01 3282289                    /lib/x86_64-linux-gnu/libz.so.1.2.11
7fc9fc089000-7fc9fc08a000 r--p 0001b000 08:01 3282289                    /lib/x86_64-linux-gnu/libz.so.1.2.11
7fc9fc08a000-7fc9fc08b000 rw-p 0001c000 08:01 3282289                    /lib/x86_64-linux-gnu/libz.so.1.2.11
7fc9fc08b000-7fc9fc272000 r-xp 00000000 08:01 3276894                    /lib/x86_64-linux-gnu/libc-2.27.so
7fc9fc272000-7fc9fc472000 ---p 001e7000 08:01 3276894                    /lib/x86_64-linux-gnu/libc-2.27.so
7fc9fc472000-7fc9fc476000 r--p 001e7000 08:01 3276894                    /lib/x86_64-linux-gnu/libc-2.27.so
7fc9fc476000-7fc9fc478000 rw-p 001eb000 08:01 3276894                    /lib/x86_64-linux-gnu/libc-2.27.so
7fc9fc478000-7fc9fc47c000 rw-p 00000000 00:00 0 
7fc9fc47c000-7fc9fc48a000 r-xp 00000000 08:01 2494229                    /usr/lib/jvm/java-8-openjdk-amd64/jre/lib/amd64/jli/libjli.so
7fc9fc48a000-7fc9fc689000 ---p 0000e000 08:01 2494229                    /usr/lib/jvm/java-8-openjdk-amd64/jre/lib/amd64/jli/libjli.so
7fc9fc689000-7fc9fc68a000 r--p 0000d000 08:01 2494229                    /usr/lib/jvm/java-8-openjdk-amd64/jre/lib/amd64/jli/libjli.so
7fc9fc68a000-7fc9fc68b000 rw-p 0000e000 08:01 2494229                    /usr/lib/jvm/java-8-openjdk-amd64/jre/lib/amd64/jli/libjli.so
7fc9fc68b000-7fc9fc6b2000 r-xp 00000000 08:01 3276890                    /lib/x86_64-linux-gnu/ld-2.27.so
7fc9fc6b2000-7fc9fc6b3000 r--s 00001000 08:01 5902091                    /home/os12/.m2/repository/org/springframework/boot/spring-boot-starter-web/2.3.1.RELEASE/spring-boot-starter-web-2.3.1.RELEASE.jar
7fc9fc6b3000-7fc9fc6b6000 r--s 0000f000 08:01 2494275                    /usr/lib/jvm/java-8-openjdk-amd64/jre/lib/ext/icedtea-sound.jar
7fc9fc6b6000-7fc9fc6c0000 r--s 00117000 08:01 2494277                    /usr/lib/jvm/java-8-openjdk-amd64/jre/lib/ext/localedata.jar
7fc9fc6c0000-7fc9fc798000 rw-p 00000000 00:00 0 
7fc9fc798000-7fc9fc799000 ---p 00000000 00:00 0 
7fc9fc799000-7fc9fc79c000 ---p 00000000 00:00 0 
7fc9fc79c000-7fc9fc89b000 rw-p 00000000 00:00 0 
7fc9fc89b000-7fc9fc89c000 r--s 00010000 08:01 2494282                    /usr/lib/jvm/java-8-openjdk-amd64/jre/lib/ext/zipfs.jar
7fc9fc89c000-7fc9fc89d000 r--s 0000d000 08:01 2494279                    /usr/lib/jvm/java-8-openjdk-amd64/jre/lib/ext/sunec.jar
7fc9fc89d000-7fc9fc89f000 r--s 00007000 08:01 2887460                    /usr/share/java/java-atk-wrapper.jar
7fc9fc89f000-7fc9fc8a1000 r--s 00001000 08:01 2494274                    /usr/lib/jvm/java-8-openjdk-amd64/jre/lib/ext/dnsns.jar
7fc9fc8a1000-7fc9fc8a2000 r--s 0000a000 08:01 2494276                    /usr/lib/jvm/java-8-openjdk-amd64/jre/lib/ext/jaccess.jar
7fc9fc8a2000-7fc9fc8a6000 r--s 0003a000 08:01 2494281                    /usr/lib/jvm/java-8-openjdk-amd64/jre/lib/ext/sunpkcs11.jar
7fc9fc8a6000-7fc9fc8ae000 rw-s 00000000 08:01 1310751                    /tmp/hsperfdata_os12/4670
7fc9fc8ae000-7fc9fc8af000 rw-p 00000000 00:00 0 
7fc9fc8af000-7fc9fc8b0000 r--p 00000000 00:00 0 
7fc9fc8b0000-7fc9fc8b2000 rw-p 00000000 00:00 0 
7fc9fc8b2000-7fc9fc8b3000 r--p 00027000 08:01 3276890                    /lib/x86_64-linux-gnu/ld-2.27.so
7fc9fc8b3000-7fc9fc8b4000 rw-p 00028000 08:01 3276890                    /lib/x86_64-linux-gnu/ld-2.27.so
7fc9fc8b4000-7fc9fc8b5000 rw-p 00000000 00:00 0 
7fff3b8d0000-7fff3b8f3000 rw-p 00000000 00:00 0                          [stack]
7fff3b9a5000-7fff3b9a8000 r--p 00000000 00:00 0                          [vvar]
7fff3b9a8000-7fff3b9a9000 r-xp 00000000 00:00 0                          [vdso]
ffffffffff600000-ffffffffff601000 --xp 00000000 00:00 0                  [vsyscall]

VM Arguments:
jvm_args: -Dcom.sun.management.jmxremote -Dcom.sun.management.jmxremote.port=34887 -Dcom.sun.management.jmxremote.authenticate=false -Dcom.sun.management.jmxremote.ssl=false -Djava.rmi.server.hostname=localhost -Dspring.jmx.enabled=true -Dspring.application.admin.enabled=true -Djava.security.egd=file:/dev/./urandom -Xverify:none -XX:TieredStopAtLevel=1 -Dspring.boot.project.name=cursoSpringBoot2020 -Dfile.encoding=UTF-8 
java_command: com.curso2020.curso.CursoApplication --spring.output.ansi.enabled=always
java_class_path (initial): /home/os12/ambiente-dev/workspace/cursoSpringBoot2020/target/classes:/home/os12/.m2/repository/org/springframework/boot/spring-boot-starter-web/2.3.1.RELEASE/spring-boot-starter-web-2.3.1.RELEASE.jar:/home/os12/.m2/repository/org/springframework/boot/spring-boot-starter/2.3.1.RELEASE/spring-boot-starter-2.3.1.RELEASE.jar:/home/os12/.m2/repository/org/springframework/boot/spring-boot/2.3.1.RELEASE/spring-boot-2.3.1.RELEASE.jar:/home/os12/.m2/repository/org/springframework/boot/spring-boot-autoconfigure/2.3.1.RELEASE/spring-boot-autoconfigure-2.3.1.RELEASE.jar:/home/os12/.m2/repository/org/springframework/boot/spring-boot-starter-logging/2.3.1.RELEASE/spring-boot-starter-logging-2.3.1.RELEASE.jar:/home/os12/.m2/repository/ch/qos/logback/logback-classic/1.2.3/logback-classic-1.2.3.jar:/home/os12/.m2/repository/ch/qos/logback/logback-core/1.2.3/logback-core-1.2.3.jar:/home/os12/.m2/repository/org/apache/logging/log4j/log4j-to-slf4j/2.13.3/log4j-to-slf4j-2.13.3.jar:/home/os12/.m2/repository/org/apache/logging/log4j/log4j-api/2.13.3/log4j-api-2.13.3.jar:/home/os12/.m2/repository/org/slf4j/jul-to-slf4j/1.7.30/jul-to-slf4j-1.7.30.jar:/home/os12/.m2/repository/jakarta/annotation/jakarta.annotation-api/1.3.5/jakarta.annotation-api-1.3.5.jar:/home/os12/.m2/repository/org/yaml/snakeyaml/1.26/snakeyaml-1.26.jar:/home/os12/.m2/repository/org/springframework/boot/spring-boot-starter-json/2.3.1.RELEASE/spring-boot-starter-json-2.3.1.RELEASE.jar:/home/os12/.m2/repository/com/fasterxml/jackson/core/jackson-databind/2.11.0/jackson-databind-2.11.0.jar:/home/os12/.m2/repository/com/fasterxml/jackson/core/jackson-annotations/2.11.0/jackson-annotations-2.11.0.jar:/home/os12/.m2/repository/com/fasterxml/jackson/core/jackson-core/2.11.0/jackson-core-2.11.0.jar:/home/os12/.m2/repository/com/fasterxml/jackson/datatype/jackson-datatype-jdk8/2.11.0/jackson-datatype-jdk8-2.11.0.jar:/home/os12/.m2/repository/com/fasterxml/jackson/datatype/jackson-datatype-jsr310/2.11.
Launcher Type: SUN_STANDARD

Environment Variables:
PATH=/usr/local/sbin:/usr/local/bin:/usr/sbin:/usr/bin:/sbin:/bin:/usr/games:/usr/local/games:/snap/bin
SHELL=/bin/bash
DISPLAY=:0

Signal Handlers:
SIGSEGV: [libjvm.so+0xabb430], sa_mask[0]=11111111011111111101111111111110, sa_flags=SA_RESTART|SA_SIGINFO
SIGBUS: [libjvm.so+0xabb430], sa_mask[0]=11111111011111111101111111111110, sa_flags=SA_RESTART|SA_SIGINFO
SIGFPE: [libjvm.so+0x8eb5b0], sa_mask[0]=11111111011111111101111111111110, sa_flags=SA_RESTART|SA_SIGINFO
SIGPIPE: [libjvm.so+0x8eb5b0], sa_mask[0]=11111111011111111101111111111110, sa_flags=SA_RESTART|SA_SIGINFO
SIGXFSZ: [libjvm.so+0x8eb5b0], sa_mask[0]=11111111011111111101111111111110, sa_flags=SA_RESTART|SA_SIGINFO
SIGILL: [libjvm.so+0x8eb5b0], sa_mask[0]=11111111011111111101111111111110, sa_flags=SA_RESTART|SA_SIGINFO
SIGUSR1: SIG_DFL, sa_mask[0]=00000000000000000000000000000000, sa_flags=none
SIGUSR2: [libjvm.so+0x8eb460], sa_mask[0]=00100000000000000000000000000000, sa_flags=SA_RESTART|SA_SIGINFO
SIGHUP: [libjvm.so+0x8ebad0], sa_mask[0]=11111111011111111101111111111110, sa_flags=SA_RESTART|SA_SIGINFO
SIGINT: [libjvm.so+0x8ebad0], sa_mask[0]=11111111011111111101111111111110, sa_flags=SA_RESTART|SA_SIGINFO
SIGTERM: [libjvm.so+0x8ebad0], sa_mask[0]=11111111011111111101111111111110, sa_flags=SA_RESTART|SA_SIGINFO
SIGQUIT: [libjvm.so+0x8ebad0], sa_mask[0]=11111111011111111101111111111110, sa_flags=SA_RESTART|SA_SIGINFO


---------------  S Y S T E M  ---------------

OS:DISTRIB_ID=Ubuntu
DISTRIB_RELEASE=18.04
DISTRIB_CODENAME=bionic
DISTRIB_DESCRIPTION="Ubuntu 18.04.5 LTS"

uname:Linux 5.4.0-42-generic #46~18.04.1-Ubuntu SMP Fri Jul 10 07:21:24 UTC 2020 x86_64
libc:glibc 2.27 NPTL 2.27 
rlimit: STACK 8192k, CORE 0k, NPROC 41723, NOFILE 1048576, AS infinity
load average:1.65 1.88 1.14

/proc/meminfo:
MemTotal:       10752472 kB
MemFree:         4705496 kB
MemAvailable:    7524492 kB
Buffers:           80500 kB
Cached:          2987628 kB
SwapCached:            0 kB
Active:          3919556 kB
Inactive:        1783104 kB
Active(anon):    2636692 kB
Inactive(anon):    86604 kB
Active(file):    1282864 kB
Inactive(file):  1696500 kB
Unevictable:          32 kB
Mlocked:              32 kB
SwapTotal:       2097148 kB
SwapFree:        2097148 kB
Dirty:               552 kB
Writeback:             0 kB
AnonPages:       2634624 kB
Mapped:           398612 kB
Shmem:             88768 kB
KReclaimable:     142580 kB
Slab:             210872 kB
SReclaimable:     142580 kB
SUnreclaim:        68292 kB
KernelStack:       13760 kB
PageTables:        37024 kB
NFS_Unstable:          0 kB
Bounce:                0 kB
WritebackTmp:          0 kB
CommitLimit:     7473384 kB
Committed_AS:    6509284 kB
VmallocTotal:   34359738367 kB
VmallocUsed:       27144 kB
VmallocChunk:          0 kB
Percpu:            43008 kB
HardwareCorrupted:     0 kB
AnonHugePages:      2048 kB
ShmemHugePages:        0 kB
ShmemPmdMapped:        0 kB
FileHugePages:         0 kB
FilePmdMapped:         0 kB
CmaTotal:              0 kB
CmaFree:               0 kB
HugePages_Total:       0
HugePages_Free:        0
HugePages_Rsvd:        0
HugePages_Surp:        0
Hugepagesize:       2048 kB
Hugetlb:               0 kB
DirectMap4k:      177984 kB
DirectMap2M:     7747584 kB
DirectMap1G:     3145728 kB

container (cgroup) information:
container_type: cgroupv1
cpu_cpuset_cpus: 0-3
cpu_memory_nodes: 0
active_processor_count: 4
cpu_quota: -1
cpu_period: 100000
cpu_shares: -1
memory_limit_in_bytes: -1
memory_and_swap_limit_in_bytes: -2
memory_soft_limit_in_bytes: -1
memory_usage_in_bytes: 5839228928
memory_max_usage_in_bytes: 0


CPU:total 4 (initial active 4) (1 cores per cpu, 1 threads per core) family 6 model 60 stepping 3, cmov, cx8, fxsr, mmx, sse, sse2, sse3, ssse3, sse4.1, sse4.2, popcnt, avx, avx2, aes, clmul, erms, lzcnt, tsc, tscinvbit, bmi1, bmi2

/proc/cpuinfo:
processor	: 0
vendor_id	: GenuineIntel
cpu family	: 6
model		: 60
model name	: Intel(R) Core(TM) i7-4700MQ CPU @ 2.40GHz
stepping	: 3
microcode	: 0x27
cpu MHz		: 2394.461
cache size	: 6144 KB
physical id	: 0
siblings	: 1
core id		: 0
cpu cores	: 1
apicid		: 0
initial apicid	: 0
fpu		: yes
fpu_exception	: yes
cpuid level	: 13
wp		: yes
flags		: fpu vme de pse tsc msr pae mce cx8 apic sep mtrr pge mca cmov pat pse36 clflush mmx fxsr sse sse2 ss syscall nx pdpe1gb rdtscp lm constant_tsc arch_perfmon nopl xtopology tsc_reliable nonstop_tsc cpuid pni pclmulqdq vmx ssse3 fma cx16 pcid sse4_1 sse4_2 x2apic movbe popcnt tsc_deadline_timer aes xsave avx f16c rdrand hypervisor lahf_lm abm cpuid_fault invpcid_single pti ssbd ibrs ibpb stibp tpr_shadow vnmi ept vpid ept_ad fsgsbase tsc_adjust bmi1 avx2 smep bmi2 invpcid xsaveopt arat md_clear flush_l1d arch_capabilities
bugs		: cpu_meltdown spectre_v1 spectre_v2 spec_store_bypass l1tf mds swapgs itlb_multihit srbds
bogomips	: 4788.92
clflush size	: 64
cache_alignment	: 64
address sizes	: 43 bits physical, 48 bits virtual
power management:

processor	: 1
vendor_id	: GenuineIntel
cpu family	: 6
model		: 60
model name	: Intel(R) Core(TM) i7-4700MQ CPU @ 2.40GHz
stepping	: 3
microcode	: 0x27
cpu MHz		: 2394.461
cache size	: 6144 KB
physical id	: 2
siblings	: 1
core id		: 0
cpu cores	: 1
apicid		: 2
initial apicid	: 2
fpu		: yes
fpu_exception	: yes
cpuid level	: 13
wp		: yes
flags		: fpu vme de pse tsc msr pae mce cx8 apic sep mtrr pge mca cmov pat pse36 clflush mmx fxsr sse sse2 ss syscall nx pdpe1gb rdtscp lm constant_tsc arch_perfmon nopl xtopology tsc_reliable nonstop_tsc cpuid pni pclmulqdq vmx ssse3 fma cx16 pcid sse4_1 sse4_2 x2apic movbe popcnt tsc_deadline_timer aes xsave avx f16c rdrand hypervisor lahf_lm abm cpuid_fault invpcid_single pti ssbd ibrs ibpb stibp tpr_shadow vnmi ept vpid ept_ad fsgsbase tsc_adjust bmi1 avx2 smep bmi2 invpcid xsaveopt arat md_clear flush_l1d arch_capabilities
bugs		: cpu_meltdown spectre_v1 spectre_v2 spec_store_bypass l1tf mds swapgs itlb_multihit srbds
bogomips	: 4788.92
clflush size	: 64
cache_alignment	: 64
address sizes	: 43 bits physical, 48 bits virtual
power management:

processor	: 2
vendor_id	: GenuineIntel
cpu family	: 6
model		: 60
model name	: Intel(R) Core(TM) i7-4700MQ CPU @ 2.40GHz
stepping	: 3
microcode	: 0x27
cpu MHz		: 2394.461
cache size	: 6144 KB
physical id	: 4
siblings	: 1
core id		: 0
cpu cores	: 1
apicid		: 4
initial apicid	: 4
fpu		: yes
fpu_exception	: yes
cpuid level	: 13
wp		: yes
flags		: fpu vme de pse tsc msr pae mce cx8 apic sep mtrr pge mca cmov pat pse36 clflush mmx fxsr sse sse2 ss syscall nx pdpe1gb rdtscp lm constant_tsc arch_perfmon nopl xtopology tsc_reliable nonstop_tsc cpuid pni pclmulqdq vmx ssse3 fma cx16 pcid sse4_1 sse4_2 x2apic movbe popcnt tsc_deadline_timer aes xsave avx f16c rdrand hypervisor lahf_lm abm cpuid_fault invpcid_single pti ssbd ibrs ibpb stibp tpr_shadow vnmi ept vpid ept_ad fsgsbase tsc_adjust bmi1 avx2 smep bmi2 invpcid xsaveopt arat md_clear flush_l1d arch_capabilities
bugs		: cpu_meltdown spectre_v1 spectre_v2 spec_store_bypass l1tf mds swapgs itlb_multihit srbds
bogomips	: 4788.92
clflush size	: 64
cache_alignment	: 64
address sizes	: 43 bits physical, 48 bits virtual
power management:

processor	: 3
vendor_id	: GenuineIntel
cpu family	: 6
model		: 60
model name	: Intel(R) Core(TM) i7-4700MQ CPU @ 2.40GHz
stepping	: 3
microcode	: 0x27
cpu MHz		: 2394.461
cache size	: 6144 KB
physical id	: 6
siblings	: 1
core id		: 0
cpu cores	: 1
apicid		: 6
initial apicid	: 6
fpu		: yes
fpu_exception	: yes
cpuid level	: 13
wp		: yes
flags		: fpu vme de pse tsc msr pae mce cx8 apic sep mtrr pge mca cmov pat pse36 clflush mmx fxsr sse sse2 ss syscall nx pdpe1gb rdtscp lm constant_tsc arch_perfmon nopl xtopology tsc_reliable nonstop_tsc cpuid pni pclmulqdq vmx ssse3 fma cx16 pcid sse4_1 sse4_2 x2apic movbe popcnt tsc_deadline_timer aes xsave avx f16c rdrand hypervisor lahf_lm abm cpuid_fault invpcid_single pti ssbd ibrs ibpb stibp tpr_shadow vnmi ept vpid ept_ad fsgsbase tsc_adjust bmi1 avx2 smep bmi2 invpcid xsaveopt arat md_clear flush_l1d arch_capabilities
bugs		: cpu_meltdown spectre_v1 spectre_v2 spec_store_bypass l1tf mds swapgs itlb_multihit srbds
bogomips	: 4788.92
clflush size	: 64
cache_alignment	: 64
address sizes	: 43 bits physical, 48 bits virtual
power management:



Memory: 4k page, physical 10752472k(4705496k free), swap 2097148k(2097148k free)

vm_info: OpenJDK 64-Bit Server VM (25.265-b01) for linux-amd64 JRE (1.8.0_265-8u265-b01-0ubuntu2~18.04-b01), built on Aug  3 2020 01:16:56 by "buildd" with gcc 7.5.0

time: Tue Aug 11 12:26:46 2020
timezone: PDT
elapsed time: 0 seconds (0d 0h 0m 0s)

